database.c: In function ‘create_database’:
database.c:105:50: warning: passing argument 5 of ‘sqlite3_exec’ from incompatible pointer type [-Wincompatible-pointer-types]
     rc = sqlite3_exec(db, create_disc_sql, 0, 0, &res);
                                                  ^
In file included from database.h:15:0,
                 from database.c:2:
sqlite3.h:360:16: note: expected ‘char **’ but argument is of type ‘sqlite3_stmt ** {aka struct sqlite3_stmt **}’
 SQLITE_API int sqlite3_exec(
                ^~~~~~~~~~~~
database.c:115:51: warning: passing argument 5 of ‘sqlite3_exec’ from incompatible pointer type [-Wincompatible-pointer-types]
     rc = sqlite3_exec(db, create_games_sql, 0, 0, &res);
                                                   ^
In file included from database.h:15:0,
                 from database.c:2:
sqlite3.h:360:16: note: expected ‘char **’ but argument is of type ‘sqlite3_stmt ** {aka struct sqlite3_stmt **}’
 SQLITE_API int sqlite3_exec(
                ^~~~~~~~~~~~
database.c:125:63: warning: passing argument 5 of ‘sqlite3_exec’ from incompatible pointer type [-Wincompatible-pointer-types]
     rc = sqlite3_exec(db, create_language_specific_sql, 0, 0, &res);
                                                               ^
In file included from database.h:15:0,
                 from database.c:2:
sqlite3.h:360:16: note: expected ‘char **’ but argument is of type ‘sqlite3_stmt ** {aka struct sqlite3_stmt **}’
 SQLITE_API int sqlite3_exec(
                ^~~~~~~~~~~~
database.c:134:47: warning: passing argument 5 of ‘sqlite3_exec’ from incompatible pointer type [-Wincompatible-pointer-types]
     rc = sqlite3_exec(db, truncate_all, 0, 0, &res);
                                               ^
In file included from database.h:15:0,
                 from database.c:2:
sqlite3.h:360:16: note: expected ‘char **’ but argument is of type ‘sqlite3_stmt ** {aka struct sqlite3_stmt **}’
 SQLITE_API int sqlite3_exec(
                ^~~~~~~~~~~~
In file included from filesystem.c:6:0:
util.h: In function ‘is_integer_name’:
util.h:39:18: warning: implicit declaration of function ‘isdigit’ [-Wimplicit-function-declaration]
             if (!isdigit(input[i])) {
                  ^~~~~~~
util.h: In function ‘trimwhitespace’:
util.h:55:16: warning: implicit declaration of function ‘isspace’ [-Wimplicit-function-declaration]
         while (isspace((unsigned char) *str)) str++;
                ^~~~~~~
util.h: In function ‘strcicmp’:
util.h:80:21: warning: implicit declaration of function ‘tolower’ [-Wimplicit-function-declaration]
             int d = tolower((unsigned char) *a) - tolower((unsigned char) *b);
                     ^~~~~~~
util.h: In function ‘copy_file’:
util.h:90:22: warning: unused variable ‘err1’ [-Wunused-variable]
         int err = 0, err1 = 0;
                      ^~~~
util.h:90:13: warning: unused variable ‘err’ [-Wunused-variable]
         int err = 0, err1 = 0;
             ^~~
filesystem.c: In function ‘process_game_ini’:
filesystem.c:18:16: warning: initialization from incompatible pointer type [-Wincompatible-pointer-types]
     int * fp = fopen(path, "r");
                ^~~~~
filesystem.c:25:41: warning: passing argument 3 of ‘getline’ from incompatible pointer type [-Wincompatible-pointer-types]
     while ((read = getline(&line, &len, fp)) != -1) {
                                         ^~
In file included from filesystem.c:2:0:
/usr/include/stdio.h:616:20: note: expected ‘FILE * restrict {aka struct _IO_FILE * restrict}’ but argument is of type ‘int *’
 extern _IO_ssize_t getline (char **__restrict __lineptr,
                    ^~~~~~~
filesystem.c:111:12: warning: passing argument 1 of ‘fclose’ from incompatible pointer type [-Wincompatible-pointer-types]
     fclose(fp);
            ^~
In file included from filesystem.c:2:0:
/usr/include/stdio.h:199:12: note: expected ‘FILE * {aka struct _IO_FILE *}’ but argument is of type ‘int *’
 extern int fclose (FILE *__stream);
            ^~~~~~
filesystem.c: In function ‘read_and_validate’:
filesystem.c:288:22: warning: passing argument 2 of ‘strcpy’ from incompatible pointer type [-Wincompatible-pointer-types]
     strcpy(png_path, separator);
                      ^~~~~~~~~
In file included from filesystem.c:3:0:
/usr/include/string.h:121:14: note: expected ‘const char * restrict’ but argument is of type ‘char * (*)()’
 extern char *strcpy (char *__restrict __dest, const char *__restrict __src)
              ^~~~~~
filesystem.c:293:22: warning: passing argument 2 of ‘strcpy’ from incompatible pointer type [-Wincompatible-pointer-types]
     strcpy(lic_path, separator);
                      ^~~~~~~~~
In file included from filesystem.c:3:0:
/usr/include/string.h:121:14: note: expected ‘const char * restrict’ but argument is of type ‘char * (*)()’
 extern char *strcpy (char *__restrict __dest, const char *__restrict __src)
              ^~~~~~
filesystem.c:298:22: warning: passing argument 2 of ‘strcpy’ from incompatible pointer type [-Wincompatible-pointer-types]
     strcpy(cfg_path, separator);
                      ^~~~~~~~~
In file included from filesystem.c:3:0:
/usr/include/string.h:121:14: note: expected ‘const char * restrict’ but argument is of type ‘char * (*)()’
 extern char *strcpy (char *__restrict __dest, const char *__restrict __src)
              ^~~~~~
filesystem.c: In function ‘cmpfunc’:
filesystem.c:347:24: warning: initialization discards ‘const’ qualifier from pointer target type [-Wdiscarded-qualifiers]
     t_game_data * aObj=a;
                        ^
filesystem.c:348:24: warning: initialization discards ‘const’ qualifier from pointer target type [-Wdiscarded-qualifiers]
     t_game_data * bObj=b;
                        ^
filesystem.c: In function ‘save_database’:
filesystem.c:358:9: warning: implicit declaration of function ‘insert_game_record’ [-Wimplicit-function-declaration]
         insert_game_record(fileName,data);
         ^~~~~~~~~~~~~~~~~~
filesystem.c:360:1: warning: control reaches end of non-void function [-Wreturn-type]
 }
 ^
sqlite3.c: In function ‘balance_nonroot’:
sqlite3.c:51138:11: warning: variable ‘t’ set but not used [-Wunused-but-set-variable]
       int t;
           ^
sqlite3.c: In function ‘columnMem’:
sqlite3.c:58722:7: warning: variable ‘vals’ set but not used [-Wunused-but-set-variable]
   int vals;
       ^~~~
sqlite3.c: In function ‘sqlite3CommitTransaction’:
sqlite3.c:77621:12: warning: variable ‘db’ set but not used [-Wunused-but-set-variable]
   sqlite3 *db;
            ^~
sqlite3.c: In function ‘sqlite3RollbackTransaction’:
sqlite3.c:77641:12: warning: variable ‘db’ set but not used [-Wunused-but-set-variable]
   sqlite3 *db;
            ^~
sqlite3.c: In function ‘sqlite3FkCheck’:
sqlite3.c:81366:9: warning: variable ‘v’ set but not used [-Wunused-but-set-variable]
   Vdbe *v;                        /* VM to write code to */
         ^
sqlite3.c: In function ‘sqlite3Insert’:
sqlite3.c:82336:7: warning: variable ‘regRecord’ set but not used [-Wunused-but-set-variable]
   int regRecord;        /* Holds the assemblied row record */
       ^~~~~~~~~
sqlite3.c: In function ‘sqlite3Update’:
sqlite3.c:92944:7: warning: variable ‘regRec’ set but not used [-Wunused-but-set-variable]
   int regRec;            /* Register used for new table record to insert */
       ^~~~~~
sqlite3.c: In function ‘codeOneLoopStart’:
sqlite3.c:98372:16: warning: variable ‘pFinal’ set but not used [-Wunused-but-set-variable]
     WhereTerm *pFinal;     /* Final subterm within the OR-clause. */
                ^~~~~~
sqlite3.c: In function ‘sqlite3Parser’:
sqlite3.c:102599:7: warning: variable ‘yyendofinput’ set but not used [-Wunused-but-set-variable]
   int yyendofinput;     /* True if we are at the end of input */
       ^~~~~~~~~~~~
At top level:
sqlite3.c:7139:26: warning: ‘sqlite3one’ defined but not used [-Wunused-const-variable=]
 SQLITE_PRIVATE const int sqlite3one = 1;
                          ^~~~~~~~~~
