database.c: In function ‘create_database’:
database.c:105:50: warning: passing argument 5 of ‘sqlite3_exec’ from incompatible pointer type [-Wincompatible-pointer-types]
     rc = sqlite3_exec(db, create_disc_sql, 0, 0, &res);
                                                  ^
In file included from database.h:15:0,
                 from database.c:2:
sqlite3.h:360:16: note: expected ‘char **’ but argument is of type ‘sqlite3_stmt ** {aka struct sqlite3_stmt **}’
 SQLITE_API int sqlite3_exec(
                ^~~~~~~~~~~~
database.c:115:51: warning: passing argument 5 of ‘sqlite3_exec’ from incompatible pointer type [-Wincompatible-pointer-types]
     rc = sqlite3_exec(db, create_games_sql, 0, 0, &res);
                                                   ^
In file included from database.h:15:0,
                 from database.c:2:
sqlite3.h:360:16: note: expected ‘char **’ but argument is of type ‘sqlite3_stmt ** {aka struct sqlite3_stmt **}’
 SQLITE_API int sqlite3_exec(
                ^~~~~~~~~~~~
database.c:125:63: warning: passing argument 5 of ‘sqlite3_exec’ from incompatible pointer type [-Wincompatible-pointer-types]
     rc = sqlite3_exec(db, create_language_specific_sql, 0, 0, &res);
                                                               ^
In file included from database.h:15:0,
                 from database.c:2:
sqlite3.h:360:16: note: expected ‘char **’ but argument is of type ‘sqlite3_stmt ** {aka struct sqlite3_stmt **}’
 SQLITE_API int sqlite3_exec(
                ^~~~~~~~~~~~
database.c:134:47: warning: passing argument 5 of ‘sqlite3_exec’ from incompatible pointer type [-Wincompatible-pointer-types]
     rc = sqlite3_exec(db, truncate_all, 0, 0, &res);
                                               ^
In file included from database.h:15:0,
                 from database.c:2:
sqlite3.h:360:16: note: expected ‘char **’ but argument is of type ‘sqlite3_stmt ** {aka struct sqlite3_stmt **}’
 SQLITE_API int sqlite3_exec(
                ^~~~~~~~~~~~
In file included from filesystem.c:6:0:
util.h: In function ‘is_integer_name’:
util.h:39:18: warning: implicit declaration of function ‘isdigit’ [-Wimplicit-function-declaration]
             if (!isdigit(input[i])) {
                  ^~~~~~~
util.h: In function ‘trimwhitespace’:
util.h:55:16: warning: implicit declaration of function ‘isspace’ [-Wimplicit-function-declaration]
         while (isspace((unsigned char) *str)) str++;
                ^~~~~~~
util.h: In function ‘strcicmp’:
util.h:80:21: warning: implicit declaration of function ‘tolower’ [-Wimplicit-function-declaration]
             int d = tolower((unsigned char) *a) - tolower((unsigned char) *b);
                     ^~~~~~~
util.h: In function ‘copy_file’:
util.h:88:22: warning: unused variable ‘err1’ [-Wunused-variable]
         int err = 0, err1 = 0;
                      ^~~~
util.h:88:13: warning: unused variable ‘err’ [-Wunused-variable]
         int err = 0, err1 = 0;
             ^~~
filesystem.c: In function ‘process_game_ini’:
filesystem.c:18:16: warning: initialization from incompatible pointer type [-Wincompatible-pointer-types]
     int * fp = fopen(path, "r");
                ^~~~~
filesystem.c:25:46: warning: passing argument 3 of ‘getline’ from incompatible pointer type [-Wincompatible-pointer-types]
     while ((read = getline(&line_file, &len, fp)) != -1) {
                                              ^~
In file included from filesystem.c:2:0:
/usr/include/stdio.h:616:20: note: expected ‘FILE * restrict {aka struct _IO_FILE * restrict}’ but argument is of type ‘int *’
 extern _IO_ssize_t getline (char **__restrict __lineptr,
                    ^~~~~~~
filesystem.c:136:12: warning: passing argument 1 of ‘fclose’ from incompatible pointer type [-Wincompatible-pointer-types]
     fclose(fp);
            ^~
In file included from filesystem.c:2:0:
/usr/include/stdio.h:199:12: note: expected ‘FILE * {aka struct _IO_FILE *}’ but argument is of type ‘int *’
 extern int fclose (FILE *__stream);
            ^~~~~~
filesystem.c: In function ‘read_and_validate’:
filesystem.c:314:22: warning: passing argument 2 of ‘strcpy’ from incompatible pointer type [-Wincompatible-pointer-types]
     strcpy(png_path, separator);
                      ^~~~~~~~~
In file included from filesystem.c:3:0:
/usr/include/string.h:121:14: note: expected ‘const char * restrict’ but argument is of type ‘char * (*)()’
 extern char *strcpy (char *__restrict __dest, const char *__restrict __src)
              ^~~~~~
filesystem.c:319:22: warning: passing argument 2 of ‘strcpy’ from incompatible pointer type [-Wincompatible-pointer-types]
     strcpy(lic_path, separator);
                      ^~~~~~~~~
In file included from filesystem.c:3:0:
/usr/include/string.h:121:14: note: expected ‘const char * restrict’ but argument is of type ‘char * (*)()’
 extern char *strcpy (char *__restrict __dest, const char *__restrict __src)
              ^~~~~~
filesystem.c:324:22: warning: passing argument 2 of ‘strcpy’ from incompatible pointer type [-Wincompatible-pointer-types]
     strcpy(cfg_path, separator);
                      ^~~~~~~~~
In file included from filesystem.c:3:0:
/usr/include/string.h:121:14: note: expected ‘const char * restrict’ but argument is of type ‘char * (*)()’
 extern char *strcpy (char *__restrict __dest, const char *__restrict __src)
              ^~~~~~
filesystem.c: In function ‘cmpfunc’:
filesystem.c:373:26: warning: initialization discards ‘const’ qualifier from pointer target type [-Wdiscarded-qualifiers]
     t_game_data * aObj = a;
                          ^
filesystem.c:374:26: warning: initialization discards ‘const’ qualifier from pointer target type [-Wdiscarded-qualifiers]
     t_game_data * bObj = b;
                          ^
filesystem.c: In function ‘save_database’:
filesystem.c:382:9: warning: implicit declaration of function ‘insert_game_record’ [-Wimplicit-function-declaration]
         insert_game_record(fileName, data);
         ^~~~~~~~~~~~~~~~~~
filesystem.c:384:1: warning: control reaches end of non-void function [-Wreturn-type]
 }
 ^
In file included from /usr/include/bits/errno.h:26:0,
                 from /usr/include/errno.h:28,
                 from sqlite3.c:22799:
/usr/include/linux/errno.h:1:10: fatal error: asm/errno.h: No such file or directory
 #include <asm/errno.h>
          ^~~~~~~~~~~~~
compilation terminated.
make: *** [sqlite3.o] Error 1
