The target system is: Linux -  - arm
The host system is: Linux - 4.15.0-20-generic - x86_64
Compiling the C compiler identification source file "CMakeCCompilerId.c" succeeded.
Compiler: /usr/bin/arm-linux-gnueabihf-gcc 
Build flags: 
Id flags:  

The output was:
0


Compilation of the C compiler identification source "CMakeCCompilerId.c" produced "a.out"

The C compiler identification is GNU, found in "/home/screemer/ps1c/cbleemsync/build_arm/CMakeFiles/3.10.2/CompilerIdC/a.out"

Compiling the CXX compiler identification source file "CMakeCXXCompilerId.cpp" succeeded.
Compiler: /usr/bin/arm-linux-gnueabihf-g++ 
Build flags: 
Id flags:  

The output was:
0


Compilation of the CXX compiler identification source "CMakeCXXCompilerId.cpp" produced "a.out"

The CXX compiler identification is GNU, found in "/home/screemer/ps1c/cbleemsync/build_arm/CMakeFiles/3.10.2/CompilerIdCXX/a.out"

Determining if the C compiler works passed with the following output:
Change Dir: /home/screemer/ps1c/cbleemsync/build_arm/CMakeFiles/CMakeTmp

Run Build Command:"/usr/bin/make" "cmTC_279a0/fast"
/usr/bin/make -f CMakeFiles/cmTC_279a0.dir/build.make CMakeFiles/cmTC_279a0.dir/build
make[1]: Entering directory '/home/screemer/ps1c/cbleemsync/build_arm/CMakeFiles/CMakeTmp'
Building C object CMakeFiles/cmTC_279a0.dir/testCCompiler.c.o
/usr/bin/arm-linux-gnueabihf-gcc    -o CMakeFiles/cmTC_279a0.dir/testCCompiler.c.o   -c /home/screemer/ps1c/cbleemsync/build_arm/CMakeFiles/CMakeTmp/testCCompiler.c
Linking C executable cmTC_279a0
/usr/bin/cmake -E cmake_link_script CMakeFiles/cmTC_279a0.dir/link.txt --verbose=1
/usr/bin/arm-linux-gnueabihf-gcc      CMakeFiles/cmTC_279a0.dir/testCCompiler.c.o  -o cmTC_279a0 
make[1]: Leaving directory '/home/screemer/ps1c/cbleemsync/build_arm/CMakeFiles/CMakeTmp'


Detecting C compiler ABI info compiled with the following output:
Change Dir: /home/screemer/ps1c/cbleemsync/build_arm/CMakeFiles/CMakeTmp

Run Build Command:"/usr/bin/make" "cmTC_4f84b/fast"
/usr/bin/make -f CMakeFiles/cmTC_4f84b.dir/build.make CMakeFiles/cmTC_4f84b.dir/build
make[1]: Entering directory '/home/screemer/ps1c/cbleemsync/build_arm/CMakeFiles/CMakeTmp'
Building C object CMakeFiles/cmTC_4f84b.dir/CMakeCCompilerABI.c.o
/usr/bin/arm-linux-gnueabihf-gcc    -o CMakeFiles/cmTC_4f84b.dir/CMakeCCompilerABI.c.o   -c /usr/share/cmake-3.10/Modules/CMakeCCompilerABI.c
Linking C executable cmTC_4f84b
/usr/bin/cmake -E cmake_link_script CMakeFiles/cmTC_4f84b.dir/link.txt --verbose=1
/usr/bin/arm-linux-gnueabihf-gcc     -v CMakeFiles/cmTC_4f84b.dir/CMakeCCompilerABI.c.o  -o cmTC_4f84b 
Using built-in specs.
COLLECT_GCC=/usr/bin/arm-linux-gnueabihf-gcc
COLLECT_LTO_WRAPPER=/usr/lib/gcc-cross/arm-linux-gnueabihf/7/lto-wrapper
Target: arm-linux-gnueabihf
Configured with: ../src/configure -v --with-pkgversion='Ubuntu/Linaro 7.3.0-27ubuntu1~18.04' --with-bugurl=file:///usr/share/doc/gcc-7/README.Bugs --enable-languages=c,ada,c++,go,d,fortran,objc,obj-c++ --prefix=/usr --with-gcc-major-version-only --program-suffix=-7 --enable-shared --enable-linker-build-id --libexecdir=/usr/lib --without-included-gettext --enable-threads=posix --libdir=/usr/lib --enable-nls --with-sysroot=/ --enable-clocale=gnu --enable-libstdcxx-debug --enable-libstdcxx-time=yes --with-default-libstdcxx-abi=new --enable-gnu-unique-object --disable-libitm --disable-libquadmath --disable-libquadmath-support --enable-plugin --enable-default-pie --with-system-zlib --with-target-system-zlib --enable-multiarch --enable-multilib --disable-sjlj-exceptions --with-arch=armv7-a --with-fpu=vfpv3-d16 --with-float=hard --with-mode=thumb --disable-werror --enable-multilib --enable-checking=release --build=x86_64-linux-gnu --host=x86_64-linux-gnu --target=arm-linux-gnueabihf --program-prefix=arm-linux-gnueabihf- --includedir=/usr/arm-linux-gnueabihf/include
Thread model: posix
gcc version 7.3.0 (Ubuntu/Linaro 7.3.0-27ubuntu1~18.04) 
COMPILER_PATH=/usr/lib/gcc-cross/arm-linux-gnueabihf/7/:/usr/lib/gcc-cross/arm-linux-gnueabihf/7/:/usr/lib/gcc-cross/arm-linux-gnueabihf/:/usr/lib/gcc-cross/arm-linux-gnueabihf/7/:/usr/lib/gcc-cross/arm-linux-gnueabihf/:/usr/lib/gcc-cross/arm-linux-gnueabihf/7/../../../../arm-linux-gnueabihf/bin/
LIBRARY_PATH=/usr/lib/gcc-cross/arm-linux-gnueabihf/7/:/usr/lib/gcc-cross/arm-linux-gnueabihf/7/../../../../arm-linux-gnueabihf/lib/../lib/:/lib/../lib/:/usr/lib/arm-linux-gnueabihf/:/usr/lib/../lib/:/usr/lib/gcc-cross/arm-linux-gnueabihf/7/../../../../arm-linux-gnueabihf/lib/:/lib/:/usr/lib/
COLLECT_GCC_OPTIONS='-v' '-o' 'cmTC_4f84b' '-march=armv7-a' '-mfloat-abi=hard' '-mfpu=vfpv3-d16' '-mthumb' '-mtls-dialect=gnu'
 /usr/lib/gcc-cross/arm-linux-gnueabihf/7/collect2 -plugin /usr/lib/gcc-cross/arm-linux-gnueabihf/7/liblto_plugin.so -plugin-opt=/usr/lib/gcc-cross/arm-linux-gnueabihf/7/lto-wrapper -plugin-opt=-fresolution=/tmp/cceQrn3N.res -plugin-opt=-pass-through=-lgcc -plugin-opt=-pass-through=-lgcc_s -plugin-opt=-pass-through=-lc -plugin-opt=-pass-through=-lgcc -plugin-opt=-pass-through=-lgcc_s --sysroot=/ --build-id --eh-frame-hdr -dynamic-linker /lib/ld-linux-armhf.so.3 -X --hash-style=gnu --as-needed -m armelf_linux_eabi -pie -z now -z relro -o cmTC_4f84b /usr/lib/gcc-cross/arm-linux-gnueabihf/7/../../../../arm-linux-gnueabihf/lib/../lib/Scrt1.o /usr/lib/gcc-cross/arm-linux-gnueabihf/7/../../../../arm-linux-gnueabihf/lib/../lib/crti.o /usr/lib/gcc-cross/arm-linux-gnueabihf/7/crtbeginS.o -L/usr/lib/gcc-cross/arm-linux-gnueabihf/7 -L/usr/lib/gcc-cross/arm-linux-gnueabihf/7/../../../../arm-linux-gnueabihf/lib/../lib -L/lib/../lib -L/usr/lib/arm-linux-gnueabihf -L/usr/lib/../lib -L/usr/lib/gcc-cross/arm-linux-gnueabihf/7/../../../../arm-linux-gnueabihf/lib CMakeFiles/cmTC_4f84b.dir/CMakeCCompilerABI.c.o -lgcc --push-state --as-needed -lgcc_s --pop-state -lc -lgcc --push-state --as-needed -lgcc_s --pop-state /usr/lib/gcc-cross/arm-linux-gnueabihf/7/crtendS.o /usr/lib/gcc-cross/arm-linux-gnueabihf/7/../../../../arm-linux-gnueabihf/lib/../lib/crtn.o
COLLECT_GCC_OPTIONS='-v' '-o' 'cmTC_4f84b' '-march=armv7-a' '-mfloat-abi=hard' '-mfpu=vfpv3-d16' '-mthumb' '-mtls-dialect=gnu'
make[1]: Leaving directory '/home/screemer/ps1c/cbleemsync/build_arm/CMakeFiles/CMakeTmp'


Parsed C implicit link information from above output:
  link line regex: [^( *|.*[/\])(arm-linux-gnueabihf-ld|CMAKE_LINK_STARTFILE-NOTFOUND|([^/\]+-)?ld|collect2)[^/\]*( |$)]
  ignore line: [Change Dir: /home/screemer/ps1c/cbleemsync/build_arm/CMakeFiles/CMakeTmp]
  ignore line: []
  ignore line: [Run Build Command:"/usr/bin/make" "cmTC_4f84b/fast"]
  ignore line: [/usr/bin/make -f CMakeFiles/cmTC_4f84b.dir/build.make CMakeFiles/cmTC_4f84b.dir/build]
  ignore line: [make[1]: Entering directory '/home/screemer/ps1c/cbleemsync/build_arm/CMakeFiles/CMakeTmp']
  ignore line: [Building C object CMakeFiles/cmTC_4f84b.dir/CMakeCCompilerABI.c.o]
  ignore line: [/usr/bin/arm-linux-gnueabihf-gcc    -o CMakeFiles/cmTC_4f84b.dir/CMakeCCompilerABI.c.o   -c /usr/share/cmake-3.10/Modules/CMakeCCompilerABI.c]
  ignore line: [Linking C executable cmTC_4f84b]
  ignore line: [/usr/bin/cmake -E cmake_link_script CMakeFiles/cmTC_4f84b.dir/link.txt --verbose=1]
  ignore line: [/usr/bin/arm-linux-gnueabihf-gcc     -v CMakeFiles/cmTC_4f84b.dir/CMakeCCompilerABI.c.o  -o cmTC_4f84b ]
  ignore line: [Using built-in specs.]
  ignore line: [COLLECT_GCC=/usr/bin/arm-linux-gnueabihf-gcc]
  ignore line: [COLLECT_LTO_WRAPPER=/usr/lib/gcc-cross/arm-linux-gnueabihf/7/lto-wrapper]
  ignore line: [Target: arm-linux-gnueabihf]
  ignore line: [Configured with: ../src/configure -v --with-pkgversion='Ubuntu/Linaro 7.3.0-27ubuntu1~18.04' --with-bugurl=file:///usr/share/doc/gcc-7/README.Bugs --enable-languages=c,ada,c++,go,d,fortran,objc,obj-c++ --prefix=/usr --with-gcc-major-version-only --program-suffix=-7 --enable-shared --enable-linker-build-id --libexecdir=/usr/lib --without-included-gettext --enable-threads=posix --libdir=/usr/lib --enable-nls --with-sysroot=/ --enable-clocale=gnu --enable-libstdcxx-debug --enable-libstdcxx-time=yes --with-default-libstdcxx-abi=new --enable-gnu-unique-object --disable-libitm --disable-libquadmath --disable-libquadmath-support --enable-plugin --enable-default-pie --with-system-zlib --with-target-system-zlib --enable-multiarch --enable-multilib --disable-sjlj-exceptions --with-arch=armv7-a --with-fpu=vfpv3-d16 --with-float=hard --with-mode=thumb --disable-werror --enable-multilib --enable-checking=release --build=x86_64-linux-gnu --host=x86_64-linux-gnu --target=arm-linux-gnueabihf --program-prefix=arm-linux-gnueabihf- --includedir=/usr/arm-linux-gnueabihf/include]
  ignore line: [Thread model: posix]
  ignore line: [gcc version 7.3.0 (Ubuntu/Linaro 7.3.0-27ubuntu1~18.04) ]
  ignore line: [COMPILER_PATH=/usr/lib/gcc-cross/arm-linux-gnueabihf/7/:/usr/lib/gcc-cross/arm-linux-gnueabihf/7/:/usr/lib/gcc-cross/arm-linux-gnueabihf/:/usr/lib/gcc-cross/arm-linux-gnueabihf/7/:/usr/lib/gcc-cross/arm-linux-gnueabihf/:/usr/lib/gcc-cross/arm-linux-gnueabihf/7/../../../../arm-linux-gnueabihf/bin/]
  ignore line: [LIBRARY_PATH=/usr/lib/gcc-cross/arm-linux-gnueabihf/7/:/usr/lib/gcc-cross/arm-linux-gnueabihf/7/../../../../arm-linux-gnueabihf/lib/../lib/:/lib/../lib/:/usr/lib/arm-linux-gnueabihf/:/usr/lib/../lib/:/usr/lib/gcc-cross/arm-linux-gnueabihf/7/../../../../arm-linux-gnueabihf/lib/:/lib/:/usr/lib/]
  ignore line: [COLLECT_GCC_OPTIONS='-v' '-o' 'cmTC_4f84b' '-march=armv7-a' '-mfloat-abi=hard' '-mfpu=vfpv3-d16' '-mthumb' '-mtls-dialect=gnu']
  link line: [ /usr/lib/gcc-cross/arm-linux-gnueabihf/7/collect2 -plugin /usr/lib/gcc-cross/arm-linux-gnueabihf/7/liblto_plugin.so -plugin-opt=/usr/lib/gcc-cross/arm-linux-gnueabihf/7/lto-wrapper -plugin-opt=-fresolution=/tmp/cceQrn3N.res -plugin-opt=-pass-through=-lgcc -plugin-opt=-pass-through=-lgcc_s -plugin-opt=-pass-through=-lc -plugin-opt=-pass-through=-lgcc -plugin-opt=-pass-through=-lgcc_s --sysroot=/ --build-id --eh-frame-hdr -dynamic-linker /lib/ld-linux-armhf.so.3 -X --hash-style=gnu --as-needed -m armelf_linux_eabi -pie -z now -z relro -o cmTC_4f84b /usr/lib/gcc-cross/arm-linux-gnueabihf/7/../../../../arm-linux-gnueabihf/lib/../lib/Scrt1.o /usr/lib/gcc-cross/arm-linux-gnueabihf/7/../../../../arm-linux-gnueabihf/lib/../lib/crti.o /usr/lib/gcc-cross/arm-linux-gnueabihf/7/crtbeginS.o -L/usr/lib/gcc-cross/arm-linux-gnueabihf/7 -L/usr/lib/gcc-cross/arm-linux-gnueabihf/7/../../../../arm-linux-gnueabihf/lib/../lib -L/lib/../lib -L/usr/lib/arm-linux-gnueabihf -L/usr/lib/../lib -L/usr/lib/gcc-cross/arm-linux-gnueabihf/7/../../../../arm-linux-gnueabihf/lib CMakeFiles/cmTC_4f84b.dir/CMakeCCompilerABI.c.o -lgcc --push-state --as-needed -lgcc_s --pop-state -lc -lgcc --push-state --as-needed -lgcc_s --pop-state /usr/lib/gcc-cross/arm-linux-gnueabihf/7/crtendS.o /usr/lib/gcc-cross/arm-linux-gnueabihf/7/../../../../arm-linux-gnueabihf/lib/../lib/crtn.o]
    arg [/usr/lib/gcc-cross/arm-linux-gnueabihf/7/collect2] ==> ignore
    arg [-plugin] ==> ignore
    arg [/usr/lib/gcc-cross/arm-linux-gnueabihf/7/liblto_plugin.so] ==> ignore
    arg [-plugin-opt=/usr/lib/gcc-cross/arm-linux-gnueabihf/7/lto-wrapper] ==> ignore
    arg [-plugin-opt=-fresolution=/tmp/cceQrn3N.res] ==> ignore
    arg [-plugin-opt=-pass-through=-lgcc] ==> ignore
    arg [-plugin-opt=-pass-through=-lgcc_s] ==> ignore
    arg [-plugin-opt=-pass-through=-lc] ==> ignore
    arg [-plugin-opt=-pass-through=-lgcc] ==> ignore
    arg [-plugin-opt=-pass-through=-lgcc_s] ==> ignore
    arg [--sysroot=/] ==> ignore
    arg [--build-id] ==> ignore
    arg [--eh-frame-hdr] ==> ignore
    arg [-dynamic-linker] ==> ignore
    arg [/lib/ld-linux-armhf.so.3] ==> ignore
    arg [-X] ==> ignore
    arg [--hash-style=gnu] ==> ignore
    arg [--as-needed] ==> ignore
    arg [-m] ==> ignore
    arg [armelf_linux_eabi] ==> ignore
    arg [-pie] ==> ignore
    arg [-znow] ==> ignore
    arg [-zrelro] ==> ignore
    arg [-o] ==> ignore
    arg [cmTC_4f84b] ==> ignore
    arg [/usr/lib/gcc-cross/arm-linux-gnueabihf/7/../../../../arm-linux-gnueabihf/lib/../lib/Scrt1.o] ==> ignore
    arg [/usr/lib/gcc-cross/arm-linux-gnueabihf/7/../../../../arm-linux-gnueabihf/lib/../lib/crti.o] ==> ignore
    arg [/usr/lib/gcc-cross/arm-linux-gnueabihf/7/crtbeginS.o] ==> ignore
    arg [-L/usr/lib/gcc-cross/arm-linux-gnueabihf/7] ==> dir [/usr/lib/gcc-cross/arm-linux-gnueabihf/7]
    arg [-L/usr/lib/gcc-cross/arm-linux-gnueabihf/7/../../../../arm-linux-gnueabihf/lib/../lib] ==> dir [/usr/lib/gcc-cross/arm-linux-gnueabihf/7/../../../../arm-linux-gnueabihf/lib/../lib]
    arg [-L/lib/../lib] ==> dir [/lib/../lib]
    arg [-L/usr/lib/arm-linux-gnueabihf] ==> dir [/usr/lib/arm-linux-gnueabihf]
    arg [-L/usr/lib/../lib] ==> dir [/usr/lib/../lib]
    arg [-L/usr/lib/gcc-cross/arm-linux-gnueabihf/7/../../../../arm-linux-gnueabihf/lib] ==> dir [/usr/lib/gcc-cross/arm-linux-gnueabihf/7/../../../../arm-linux-gnueabihf/lib]
    arg [CMakeFiles/cmTC_4f84b.dir/CMakeCCompilerABI.c.o] ==> ignore
    arg [-lgcc] ==> lib [gcc]
    arg [--push-state] ==> ignore
    arg [--as-needed] ==> ignore
    arg [-lgcc_s] ==> lib [gcc_s]
    arg [--pop-state] ==> ignore
    arg [-lc] ==> lib [c]
    arg [-lgcc] ==> lib [gcc]
    arg [--push-state] ==> ignore
    arg [--as-needed] ==> ignore
    arg [-lgcc_s] ==> lib [gcc_s]
    arg [--pop-state] ==> ignore
    arg [/usr/lib/gcc-cross/arm-linux-gnueabihf/7/crtendS.o] ==> ignore
    arg [/usr/lib/gcc-cross/arm-linux-gnueabihf/7/../../../../arm-linux-gnueabihf/lib/../lib/crtn.o] ==> ignore
  collapse library dir [/usr/lib/gcc-cross/arm-linux-gnueabihf/7] ==> [/usr/lib/gcc-cross/arm-linux-gnueabihf/7]
  collapse library dir [/usr/lib/gcc-cross/arm-linux-gnueabihf/7/../../../../arm-linux-gnueabihf/lib/../lib] ==> [/usr/arm-linux-gnueabihf/lib]
  collapse library dir [/lib/../lib] ==> [/lib]
  collapse library dir [/usr/lib/arm-linux-gnueabihf] ==> [/usr/lib/arm-linux-gnueabihf]
  collapse library dir [/usr/lib/../lib] ==> [/usr/lib]
  collapse library dir [/usr/lib/gcc-cross/arm-linux-gnueabihf/7/../../../../arm-linux-gnueabihf/lib] ==> [/usr/arm-linux-gnueabihf/lib]
  implicit libs: [gcc;gcc_s;c;gcc;gcc_s]
  implicit dirs: [/usr/lib/gcc-cross/arm-linux-gnueabihf/7;/usr/arm-linux-gnueabihf/lib;/lib;/usr/lib/arm-linux-gnueabihf;/usr/lib]
  implicit fwks: []




Detecting C [-std=c11] compiler features compiled with the following output:
Change Dir: /home/screemer/ps1c/cbleemsync/build_arm/CMakeFiles/CMakeTmp

Run Build Command:"/usr/bin/make" "cmTC_78b1e/fast"
/usr/bin/make -f CMakeFiles/cmTC_78b1e.dir/build.make CMakeFiles/cmTC_78b1e.dir/build
make[1]: Entering directory '/home/screemer/ps1c/cbleemsync/build_arm/CMakeFiles/CMakeTmp'
Building C object CMakeFiles/cmTC_78b1e.dir/feature_tests.c.o
/usr/bin/arm-linux-gnueabihf-gcc   -std=c11 -o CMakeFiles/cmTC_78b1e.dir/feature_tests.c.o   -c /home/screemer/ps1c/cbleemsync/build_arm/CMakeFiles/feature_tests.c
Linking C executable cmTC_78b1e
/usr/bin/cmake -E cmake_link_script CMakeFiles/cmTC_78b1e.dir/link.txt --verbose=1
/usr/bin/arm-linux-gnueabihf-gcc      CMakeFiles/cmTC_78b1e.dir/feature_tests.c.o  -o cmTC_78b1e 
make[1]: Leaving directory '/home/screemer/ps1c/cbleemsync/build_arm/CMakeFiles/CMakeTmp'


    Feature record: C_FEATURE:1c_function_prototypes
    Feature record: C_FEATURE:1c_restrict
    Feature record: C_FEATURE:1c_static_assert
    Feature record: C_FEATURE:1c_variadic_macros


Detecting C [-std=c99] compiler features compiled with the following output:
Change Dir: /home/screemer/ps1c/cbleemsync/build_arm/CMakeFiles/CMakeTmp

Run Build Command:"/usr/bin/make" "cmTC_64552/fast"
/usr/bin/make -f CMakeFiles/cmTC_64552.dir/build.make CMakeFiles/cmTC_64552.dir/build
make[1]: Entering directory '/home/screemer/ps1c/cbleemsync/build_arm/CMakeFiles/CMakeTmp'
Building C object CMakeFiles/cmTC_64552.dir/feature_tests.c.o
/usr/bin/arm-linux-gnueabihf-gcc   -std=c99 -o CMakeFiles/cmTC_64552.dir/feature_tests.c.o   -c /home/screemer/ps1c/cbleemsync/build_arm/CMakeFiles/feature_tests.c
Linking C executable cmTC_64552
/usr/bin/cmake -E cmake_link_script CMakeFiles/cmTC_64552.dir/link.txt --verbose=1
/usr/bin/arm-linux-gnueabihf-gcc      CMakeFiles/cmTC_64552.dir/feature_tests.c.o  -o cmTC_64552 
make[1]: Leaving directory '/home/screemer/ps1c/cbleemsync/build_arm/CMakeFiles/CMakeTmp'


    Feature record: C_FEATURE:1c_function_prototypes
    Feature record: C_FEATURE:1c_restrict
    Feature record: C_FEATURE:0c_static_assert
    Feature record: C_FEATURE:1c_variadic_macros


Detecting C [-std=c90] compiler features compiled with the following output:
Change Dir: /home/screemer/ps1c/cbleemsync/build_arm/CMakeFiles/CMakeTmp

Run Build Command:"/usr/bin/make" "cmTC_f5765/fast"
/usr/bin/make -f CMakeFiles/cmTC_f5765.dir/build.make CMakeFiles/cmTC_f5765.dir/build
make[1]: Entering directory '/home/screemer/ps1c/cbleemsync/build_arm/CMakeFiles/CMakeTmp'
Building C object CMakeFiles/cmTC_f5765.dir/feature_tests.c.o
/usr/bin/arm-linux-gnueabihf-gcc   -std=c90 -o CMakeFiles/cmTC_f5765.dir/feature_tests.c.o   -c /home/screemer/ps1c/cbleemsync/build_arm/CMakeFiles/feature_tests.c
Linking C executable cmTC_f5765
/usr/bin/cmake -E cmake_link_script CMakeFiles/cmTC_f5765.dir/link.txt --verbose=1
/usr/bin/arm-linux-gnueabihf-gcc      CMakeFiles/cmTC_f5765.dir/feature_tests.c.o  -o cmTC_f5765 
make[1]: Leaving directory '/home/screemer/ps1c/cbleemsync/build_arm/CMakeFiles/CMakeTmp'


    Feature record: C_FEATURE:1c_function_prototypes
    Feature record: C_FEATURE:0c_restrict
    Feature record: C_FEATURE:0c_static_assert
    Feature record: C_FEATURE:0c_variadic_macros
Determining if the CXX compiler works passed with the following output:
Change Dir: /home/screemer/ps1c/cbleemsync/build_arm/CMakeFiles/CMakeTmp

Run Build Command:"/usr/bin/make" "cmTC_a1a4f/fast"
/usr/bin/make -f CMakeFiles/cmTC_a1a4f.dir/build.make CMakeFiles/cmTC_a1a4f.dir/build
make[1]: Entering directory '/home/screemer/ps1c/cbleemsync/build_arm/CMakeFiles/CMakeTmp'
Building CXX object CMakeFiles/cmTC_a1a4f.dir/testCXXCompiler.cxx.o
/usr/bin/arm-linux-gnueabihf-g++     -o CMakeFiles/cmTC_a1a4f.dir/testCXXCompiler.cxx.o -c /home/screemer/ps1c/cbleemsync/build_arm/CMakeFiles/CMakeTmp/testCXXCompiler.cxx
Linking CXX executable cmTC_a1a4f
/usr/bin/cmake -E cmake_link_script CMakeFiles/cmTC_a1a4f.dir/link.txt --verbose=1
/usr/bin/arm-linux-gnueabihf-g++       CMakeFiles/cmTC_a1a4f.dir/testCXXCompiler.cxx.o  -o cmTC_a1a4f 
make[1]: Leaving directory '/home/screemer/ps1c/cbleemsync/build_arm/CMakeFiles/CMakeTmp'


Detecting CXX compiler ABI info compiled with the following output:
Change Dir: /home/screemer/ps1c/cbleemsync/build_arm/CMakeFiles/CMakeTmp

Run Build Command:"/usr/bin/make" "cmTC_ad913/fast"
/usr/bin/make -f CMakeFiles/cmTC_ad913.dir/build.make CMakeFiles/cmTC_ad913.dir/build
make[1]: Entering directory '/home/screemer/ps1c/cbleemsync/build_arm/CMakeFiles/CMakeTmp'
Building CXX object CMakeFiles/cmTC_ad913.dir/CMakeCXXCompilerABI.cpp.o
/usr/bin/arm-linux-gnueabihf-g++     -o CMakeFiles/cmTC_ad913.dir/CMakeCXXCompilerABI.cpp.o -c /usr/share/cmake-3.10/Modules/CMakeCXXCompilerABI.cpp
Linking CXX executable cmTC_ad913
/usr/bin/cmake -E cmake_link_script CMakeFiles/cmTC_ad913.dir/link.txt --verbose=1
/usr/bin/arm-linux-gnueabihf-g++      -v CMakeFiles/cmTC_ad913.dir/CMakeCXXCompilerABI.cpp.o  -o cmTC_ad913 
Using built-in specs.
COLLECT_GCC=/usr/bin/arm-linux-gnueabihf-g++
COLLECT_LTO_WRAPPER=/usr/lib/gcc-cross/arm-linux-gnueabihf/7/lto-wrapper
Target: arm-linux-gnueabihf
Configured with: ../src/configure -v --with-pkgversion='Ubuntu/Linaro 7.3.0-27ubuntu1~18.04' --with-bugurl=file:///usr/share/doc/gcc-7/README.Bugs --enable-languages=c,ada,c++,go,d,fortran,objc,obj-c++ --prefix=/usr --with-gcc-major-version-only --program-suffix=-7 --enable-shared --enable-linker-build-id --libexecdir=/usr/lib --without-included-gettext --enable-threads=posix --libdir=/usr/lib --enable-nls --with-sysroot=/ --enable-clocale=gnu --enable-libstdcxx-debug --enable-libstdcxx-time=yes --with-default-libstdcxx-abi=new --enable-gnu-unique-object --disable-libitm --disable-libquadmath --disable-libquadmath-support --enable-plugin --enable-default-pie --with-system-zlib --with-target-system-zlib --enable-multiarch --enable-multilib --disable-sjlj-exceptions --with-arch=armv7-a --with-fpu=vfpv3-d16 --with-float=hard --with-mode=thumb --disable-werror --enable-multilib --enable-checking=release --build=x86_64-linux-gnu --host=x86_64-linux-gnu --target=arm-linux-gnueabihf --program-prefix=arm-linux-gnueabihf- --includedir=/usr/arm-linux-gnueabihf/include
Thread model: posix
gcc version 7.3.0 (Ubuntu/Linaro 7.3.0-27ubuntu1~18.04) 
COMPILER_PATH=/usr/lib/gcc-cross/arm-linux-gnueabihf/7/:/usr/lib/gcc-cross/arm-linux-gnueabihf/7/:/usr/lib/gcc-cross/arm-linux-gnueabihf/:/usr/lib/gcc-cross/arm-linux-gnueabihf/7/:/usr/lib/gcc-cross/arm-linux-gnueabihf/:/usr/lib/gcc-cross/arm-linux-gnueabihf/7/../../../../arm-linux-gnueabihf/bin/
LIBRARY_PATH=/usr/lib/gcc-cross/arm-linux-gnueabihf/7/:/usr/lib/gcc-cross/arm-linux-gnueabihf/7/../../../../arm-linux-gnueabihf/lib/../lib/:/lib/../lib/:/usr/lib/arm-linux-gnueabihf/:/usr/lib/../lib/:/usr/lib/gcc-cross/arm-linux-gnueabihf/7/../../../../arm-linux-gnueabihf/lib/:/lib/:/usr/lib/
COLLECT_GCC_OPTIONS='-v' '-o' 'cmTC_ad913' '-shared-libgcc' '-march=armv7-a' '-mfloat-abi=hard' '-mfpu=vfpv3-d16' '-mthumb' '-mtls-dialect=gnu'
 /usr/lib/gcc-cross/arm-linux-gnueabihf/7/collect2 -plugin /usr/lib/gcc-cross/arm-linux-gnueabihf/7/liblto_plugin.so -plugin-opt=/usr/lib/gcc-cross/arm-linux-gnueabihf/7/lto-wrapper -plugin-opt=-fresolution=/tmp/ccQIJIWb.res -plugin-opt=-pass-through=-lgcc_s -plugin-opt=-pass-through=-lgcc -plugin-opt=-pass-through=-lc -plugin-opt=-pass-through=-lgcc_s -plugin-opt=-pass-through=-lgcc --sysroot=/ --build-id --eh-frame-hdr -dynamic-linker /lib/ld-linux-armhf.so.3 -X --hash-style=gnu --as-needed -m armelf_linux_eabi -pie -z now -z relro -o cmTC_ad913 /usr/lib/gcc-cross/arm-linux-gnueabihf/7/../../../../arm-linux-gnueabihf/lib/../lib/Scrt1.o /usr/lib/gcc-cross/arm-linux-gnueabihf/7/../../../../arm-linux-gnueabihf/lib/../lib/crti.o /usr/lib/gcc-cross/arm-linux-gnueabihf/7/crtbeginS.o -L/usr/lib/gcc-cross/arm-linux-gnueabihf/7 -L/usr/lib/gcc-cross/arm-linux-gnueabihf/7/../../../../arm-linux-gnueabihf/lib/../lib -L/lib/../lib -L/usr/lib/arm-linux-gnueabihf -L/usr/lib/../lib -L/usr/lib/gcc-cross/arm-linux-gnueabihf/7/../../../../arm-linux-gnueabihf/lib CMakeFiles/cmTC_ad913.dir/CMakeCXXCompilerABI.cpp.o -lstdc++ -lm -lgcc_s -lgcc -lc -lgcc_s -lgcc /usr/lib/gcc-cross/arm-linux-gnueabihf/7/crtendS.o /usr/lib/gcc-cross/arm-linux-gnueabihf/7/../../../../arm-linux-gnueabihf/lib/../lib/crtn.o
COLLECT_GCC_OPTIONS='-v' '-o' 'cmTC_ad913' '-shared-libgcc' '-march=armv7-a' '-mfloat-abi=hard' '-mfpu=vfpv3-d16' '-mthumb' '-mtls-dialect=gnu'
make[1]: Leaving directory '/home/screemer/ps1c/cbleemsync/build_arm/CMakeFiles/CMakeTmp'


Parsed CXX implicit link information from above output:
  link line regex: [^( *|.*[/\])(arm-linux-gnueabihf-ld|CMAKE_LINK_STARTFILE-NOTFOUND|([^/\]+-)?ld|collect2)[^/\]*( |$)]
  ignore line: [Change Dir: /home/screemer/ps1c/cbleemsync/build_arm/CMakeFiles/CMakeTmp]
  ignore line: []
  ignore line: [Run Build Command:"/usr/bin/make" "cmTC_ad913/fast"]
  ignore line: [/usr/bin/make -f CMakeFiles/cmTC_ad913.dir/build.make CMakeFiles/cmTC_ad913.dir/build]
  ignore line: [make[1]: Entering directory '/home/screemer/ps1c/cbleemsync/build_arm/CMakeFiles/CMakeTmp']
  ignore line: [Building CXX object CMakeFiles/cmTC_ad913.dir/CMakeCXXCompilerABI.cpp.o]
  ignore line: [/usr/bin/arm-linux-gnueabihf-g++     -o CMakeFiles/cmTC_ad913.dir/CMakeCXXCompilerABI.cpp.o -c /usr/share/cmake-3.10/Modules/CMakeCXXCompilerABI.cpp]
  ignore line: [Linking CXX executable cmTC_ad913]
  ignore line: [/usr/bin/cmake -E cmake_link_script CMakeFiles/cmTC_ad913.dir/link.txt --verbose=1]
  ignore line: [/usr/bin/arm-linux-gnueabihf-g++      -v CMakeFiles/cmTC_ad913.dir/CMakeCXXCompilerABI.cpp.o  -o cmTC_ad913 ]
  ignore line: [Using built-in specs.]
  ignore line: [COLLECT_GCC=/usr/bin/arm-linux-gnueabihf-g++]
  ignore line: [COLLECT_LTO_WRAPPER=/usr/lib/gcc-cross/arm-linux-gnueabihf/7/lto-wrapper]
  ignore line: [Target: arm-linux-gnueabihf]
  ignore line: [Configured with: ../src/configure -v --with-pkgversion='Ubuntu/Linaro 7.3.0-27ubuntu1~18.04' --with-bugurl=file:///usr/share/doc/gcc-7/README.Bugs --enable-languages=c,ada,c++,go,d,fortran,objc,obj-c++ --prefix=/usr --with-gcc-major-version-only --program-suffix=-7 --enable-shared --enable-linker-build-id --libexecdir=/usr/lib --without-included-gettext --enable-threads=posix --libdir=/usr/lib --enable-nls --with-sysroot=/ --enable-clocale=gnu --enable-libstdcxx-debug --enable-libstdcxx-time=yes --with-default-libstdcxx-abi=new --enable-gnu-unique-object --disable-libitm --disable-libquadmath --disable-libquadmath-support --enable-plugin --enable-default-pie --with-system-zlib --with-target-system-zlib --enable-multiarch --enable-multilib --disable-sjlj-exceptions --with-arch=armv7-a --with-fpu=vfpv3-d16 --with-float=hard --with-mode=thumb --disable-werror --enable-multilib --enable-checking=release --build=x86_64-linux-gnu --host=x86_64-linux-gnu --target=arm-linux-gnueabihf --program-prefix=arm-linux-gnueabihf- --includedir=/usr/arm-linux-gnueabihf/include]
  ignore line: [Thread model: posix]
  ignore line: [gcc version 7.3.0 (Ubuntu/Linaro 7.3.0-27ubuntu1~18.04) ]
  ignore line: [COMPILER_PATH=/usr/lib/gcc-cross/arm-linux-gnueabihf/7/:/usr/lib/gcc-cross/arm-linux-gnueabihf/7/:/usr/lib/gcc-cross/arm-linux-gnueabihf/:/usr/lib/gcc-cross/arm-linux-gnueabihf/7/:/usr/lib/gcc-cross/arm-linux-gnueabihf/:/usr/lib/gcc-cross/arm-linux-gnueabihf/7/../../../../arm-linux-gnueabihf/bin/]
  ignore line: [LIBRARY_PATH=/usr/lib/gcc-cross/arm-linux-gnueabihf/7/:/usr/lib/gcc-cross/arm-linux-gnueabihf/7/../../../../arm-linux-gnueabihf/lib/../lib/:/lib/../lib/:/usr/lib/arm-linux-gnueabihf/:/usr/lib/../lib/:/usr/lib/gcc-cross/arm-linux-gnueabihf/7/../../../../arm-linux-gnueabihf/lib/:/lib/:/usr/lib/]
  ignore line: [COLLECT_GCC_OPTIONS='-v' '-o' 'cmTC_ad913' '-shared-libgcc' '-march=armv7-a' '-mfloat-abi=hard' '-mfpu=vfpv3-d16' '-mthumb' '-mtls-dialect=gnu']
  link line: [ /usr/lib/gcc-cross/arm-linux-gnueabihf/7/collect2 -plugin /usr/lib/gcc-cross/arm-linux-gnueabihf/7/liblto_plugin.so -plugin-opt=/usr/lib/gcc-cross/arm-linux-gnueabihf/7/lto-wrapper -plugin-opt=-fresolution=/tmp/ccQIJIWb.res -plugin-opt=-pass-through=-lgcc_s -plugin-opt=-pass-through=-lgcc -plugin-opt=-pass-through=-lc -plugin-opt=-pass-through=-lgcc_s -plugin-opt=-pass-through=-lgcc --sysroot=/ --build-id --eh-frame-hdr -dynamic-linker /lib/ld-linux-armhf.so.3 -X --hash-style=gnu --as-needed -m armelf_linux_eabi -pie -z now -z relro -o cmTC_ad913 /usr/lib/gcc-cross/arm-linux-gnueabihf/7/../../../../arm-linux-gnueabihf/lib/../lib/Scrt1.o /usr/lib/gcc-cross/arm-linux-gnueabihf/7/../../../../arm-linux-gnueabihf/lib/../lib/crti.o /usr/lib/gcc-cross/arm-linux-gnueabihf/7/crtbeginS.o -L/usr/lib/gcc-cross/arm-linux-gnueabihf/7 -L/usr/lib/gcc-cross/arm-linux-gnueabihf/7/../../../../arm-linux-gnueabihf/lib/../lib -L/lib/../lib -L/usr/lib/arm-linux-gnueabihf -L/usr/lib/../lib -L/usr/lib/gcc-cross/arm-linux-gnueabihf/7/../../../../arm-linux-gnueabihf/lib CMakeFiles/cmTC_ad913.dir/CMakeCXXCompilerABI.cpp.o -lstdc++ -lm -lgcc_s -lgcc -lc -lgcc_s -lgcc /usr/lib/gcc-cross/arm-linux-gnueabihf/7/crtendS.o /usr/lib/gcc-cross/arm-linux-gnueabihf/7/../../../../arm-linux-gnueabihf/lib/../lib/crtn.o]
    arg [/usr/lib/gcc-cross/arm-linux-gnueabihf/7/collect2] ==> ignore
    arg [-plugin] ==> ignore
    arg [/usr/lib/gcc-cross/arm-linux-gnueabihf/7/liblto_plugin.so] ==> ignore
    arg [-plugin-opt=/usr/lib/gcc-cross/arm-linux-gnueabihf/7/lto-wrapper] ==> ignore
    arg [-plugin-opt=-fresolution=/tmp/ccQIJIWb.res] ==> ignore
    arg [-plugin-opt=-pass-through=-lgcc_s] ==> ignore
    arg [-plugin-opt=-pass-through=-lgcc] ==> ignore
    arg [-plugin-opt=-pass-through=-lc] ==> ignore
    arg [-plugin-opt=-pass-through=-lgcc_s] ==> ignore
    arg [-plugin-opt=-pass-through=-lgcc] ==> ignore
    arg [--sysroot=/] ==> ignore
    arg [--build-id] ==> ignore
    arg [--eh-frame-hdr] ==> ignore
    arg [-dynamic-linker] ==> ignore
    arg [/lib/ld-linux-armhf.so.3] ==> ignore
    arg [-X] ==> ignore
    arg [--hash-style=gnu] ==> ignore
    arg [--as-needed] ==> ignore
    arg [-m] ==> ignore
    arg [armelf_linux_eabi] ==> ignore
    arg [-pie] ==> ignore
    arg [-znow] ==> ignore
    arg [-zrelro] ==> ignore
    arg [-o] ==> ignore
    arg [cmTC_ad913] ==> ignore
    arg [/usr/lib/gcc-cross/arm-linux-gnueabihf/7/../../../../arm-linux-gnueabihf/lib/../lib/Scrt1.o] ==> ignore
    arg [/usr/lib/gcc-cross/arm-linux-gnueabihf/7/../../../../arm-linux-gnueabihf/lib/../lib/crti.o] ==> ignore
    arg [/usr/lib/gcc-cross/arm-linux-gnueabihf/7/crtbeginS.o] ==> ignore
    arg [-L/usr/lib/gcc-cross/arm-linux-gnueabihf/7] ==> dir [/usr/lib/gcc-cross/arm-linux-gnueabihf/7]
    arg [-L/usr/lib/gcc-cross/arm-linux-gnueabihf/7/../../../../arm-linux-gnueabihf/lib/../lib] ==> dir [/usr/lib/gcc-cross/arm-linux-gnueabihf/7/../../../../arm-linux-gnueabihf/lib/../lib]
    arg [-L/lib/../lib] ==> dir [/lib/../lib]
    arg [-L/usr/lib/arm-linux-gnueabihf] ==> dir [/usr/lib/arm-linux-gnueabihf]
    arg [-L/usr/lib/../lib] ==> dir [/usr/lib/../lib]
    arg [-L/usr/lib/gcc-cross/arm-linux-gnueabihf/7/../../../../arm-linux-gnueabihf/lib] ==> dir [/usr/lib/gcc-cross/arm-linux-gnueabihf/7/../../../../arm-linux-gnueabihf/lib]
    arg [CMakeFiles/cmTC_ad913.dir/CMakeCXXCompilerABI.cpp.o] ==> ignore
    arg [-lstdc++] ==> lib [stdc++]
    arg [-lm] ==> lib [m]
    arg [-lgcc_s] ==> lib [gcc_s]
    arg [-lgcc] ==> lib [gcc]
    arg [-lc] ==> lib [c]
    arg [-lgcc_s] ==> lib [gcc_s]
    arg [-lgcc] ==> lib [gcc]
    arg [/usr/lib/gcc-cross/arm-linux-gnueabihf/7/crtendS.o] ==> ignore
    arg [/usr/lib/gcc-cross/arm-linux-gnueabihf/7/../../../../arm-linux-gnueabihf/lib/../lib/crtn.o] ==> ignore
  collapse library dir [/usr/lib/gcc-cross/arm-linux-gnueabihf/7] ==> [/usr/lib/gcc-cross/arm-linux-gnueabihf/7]
  collapse library dir [/usr/lib/gcc-cross/arm-linux-gnueabihf/7/../../../../arm-linux-gnueabihf/lib/../lib] ==> [/usr/arm-linux-gnueabihf/lib]
  collapse library dir [/lib/../lib] ==> [/lib]
  collapse library dir [/usr/lib/arm-linux-gnueabihf] ==> [/usr/lib/arm-linux-gnueabihf]
  collapse library dir [/usr/lib/../lib] ==> [/usr/lib]
  collapse library dir [/usr/lib/gcc-cross/arm-linux-gnueabihf/7/../../../../arm-linux-gnueabihf/lib] ==> [/usr/arm-linux-gnueabihf/lib]
  implicit libs: [stdc++;m;gcc_s;gcc;c;gcc_s;gcc]
  implicit dirs: [/usr/lib/gcc-cross/arm-linux-gnueabihf/7;/usr/arm-linux-gnueabihf/lib;/lib;/usr/lib/arm-linux-gnueabihf;/usr/lib]
  implicit fwks: []




Detecting CXX [-std=c++1z] compiler features compiled with the following output:
Change Dir: /home/screemer/ps1c/cbleemsync/build_arm/CMakeFiles/CMakeTmp

Run Build Command:"/usr/bin/make" "cmTC_af244/fast"
/usr/bin/make -f CMakeFiles/cmTC_af244.dir/build.make CMakeFiles/cmTC_af244.dir/build
make[1]: Entering directory '/home/screemer/ps1c/cbleemsync/build_arm/CMakeFiles/CMakeTmp'
Building CXX object CMakeFiles/cmTC_af244.dir/feature_tests.cxx.o
/usr/bin/arm-linux-gnueabihf-g++    -std=c++1z -o CMakeFiles/cmTC_af244.dir/feature_tests.cxx.o -c /home/screemer/ps1c/cbleemsync/build_arm/CMakeFiles/feature_tests.cxx
Linking CXX executable cmTC_af244
/usr/bin/cmake -E cmake_link_script CMakeFiles/cmTC_af244.dir/link.txt --verbose=1
/usr/bin/arm-linux-gnueabihf-g++       CMakeFiles/cmTC_af244.dir/feature_tests.cxx.o  -o cmTC_af244 
make[1]: Leaving directory '/home/screemer/ps1c/cbleemsync/build_arm/CMakeFiles/CMakeTmp'


    Feature record: CXX_FEATURE:1cxx_aggregate_default_initializers
    Feature record: CXX_FEATURE:1cxx_alias_templates
    Feature record: CXX_FEATURE:1cxx_alignas
    Feature record: CXX_FEATURE:1cxx_alignof
    Feature record: CXX_FEATURE:1cxx_attributes
    Feature record: CXX_FEATURE:1cxx_attribute_deprecated
    Feature record: CXX_FEATURE:1cxx_auto_type
    Feature record: CXX_FEATURE:1cxx_binary_literals
    Feature record: CXX_FEATURE:1cxx_constexpr
    Feature record: CXX_FEATURE:1cxx_contextual_conversions
    Feature record: CXX_FEATURE:1cxx_decltype
    Feature record: CXX_FEATURE:1cxx_decltype_auto
    Feature record: CXX_FEATURE:1cxx_decltype_incomplete_return_types
    Feature record: CXX_FEATURE:1cxx_default_function_template_args
    Feature record: CXX_FEATURE:1cxx_defaulted_functions
    Feature record: CXX_FEATURE:1cxx_defaulted_move_initializers
    Feature record: CXX_FEATURE:1cxx_delegating_constructors
    Feature record: CXX_FEATURE:1cxx_deleted_functions
    Feature record: CXX_FEATURE:1cxx_digit_separators
    Feature record: CXX_FEATURE:1cxx_enum_forward_declarations
    Feature record: CXX_FEATURE:1cxx_explicit_conversions
    Feature record: CXX_FEATURE:1cxx_extended_friend_declarations
    Feature record: CXX_FEATURE:1cxx_extern_templates
    Feature record: CXX_FEATURE:1cxx_final
    Feature record: CXX_FEATURE:1cxx_func_identifier
    Feature record: CXX_FEATURE:1cxx_generalized_initializers
    Feature record: CXX_FEATURE:1cxx_generic_lambdas
    Feature record: CXX_FEATURE:1cxx_inheriting_constructors
    Feature record: CXX_FEATURE:1cxx_inline_namespaces
    Feature record: CXX_FEATURE:1cxx_lambdas
    Feature record: CXX_FEATURE:1cxx_lambda_init_captures
    Feature record: CXX_FEATURE:1cxx_local_type_template_args
    Feature record: CXX_FEATURE:1cxx_long_long_type
    Feature record: CXX_FEATURE:1cxx_noexcept
    Feature record: CXX_FEATURE:1cxx_nonstatic_member_init
    Feature record: CXX_FEATURE:1cxx_nullptr
    Feature record: CXX_FEATURE:1cxx_override
    Feature record: CXX_FEATURE:1cxx_range_for
    Feature record: CXX_FEATURE:1cxx_raw_string_literals
    Feature record: CXX_FEATURE:1cxx_reference_qualified_functions
    Feature record: CXX_FEATURE:1cxx_relaxed_constexpr
    Feature record: CXX_FEATURE:1cxx_return_type_deduction
    Feature record: CXX_FEATURE:1cxx_right_angle_brackets
    Feature record: CXX_FEATURE:1cxx_rvalue_references
    Feature record: CXX_FEATURE:1cxx_sizeof_member
    Feature record: CXX_FEATURE:1cxx_static_assert
    Feature record: CXX_FEATURE:1cxx_strong_enums
    Feature record: CXX_FEATURE:1cxx_template_template_parameters
    Feature record: CXX_FEATURE:1cxx_thread_local
    Feature record: CXX_FEATURE:1cxx_trailing_return_types
    Feature record: CXX_FEATURE:1cxx_unicode_literals
    Feature record: CXX_FEATURE:1cxx_uniform_initialization
    Feature record: CXX_FEATURE:1cxx_unrestricted_unions
    Feature record: CXX_FEATURE:1cxx_user_literals
    Feature record: CXX_FEATURE:1cxx_variable_templates
    Feature record: CXX_FEATURE:1cxx_variadic_macros
    Feature record: CXX_FEATURE:1cxx_variadic_templates


Detecting CXX [-std=c++14] compiler features compiled with the following output:
Change Dir: /home/screemer/ps1c/cbleemsync/build_arm/CMakeFiles/CMakeTmp

Run Build Command:"/usr/bin/make" "cmTC_fd7d9/fast"
/usr/bin/make -f CMakeFiles/cmTC_fd7d9.dir/build.make CMakeFiles/cmTC_fd7d9.dir/build
make[1]: Entering directory '/home/screemer/ps1c/cbleemsync/build_arm/CMakeFiles/CMakeTmp'
Building CXX object CMakeFiles/cmTC_fd7d9.dir/feature_tests.cxx.o
/usr/bin/arm-linux-gnueabihf-g++    -std=c++14 -o CMakeFiles/cmTC_fd7d9.dir/feature_tests.cxx.o -c /home/screemer/ps1c/cbleemsync/build_arm/CMakeFiles/feature_tests.cxx
Linking CXX executable cmTC_fd7d9
/usr/bin/cmake -E cmake_link_script CMakeFiles/cmTC_fd7d9.dir/link.txt --verbose=1
/usr/bin/arm-linux-gnueabihf-g++       CMakeFiles/cmTC_fd7d9.dir/feature_tests.cxx.o  -o cmTC_fd7d9 
make[1]: Leaving directory '/home/screemer/ps1c/cbleemsync/build_arm/CMakeFiles/CMakeTmp'


    Feature record: CXX_FEATURE:1cxx_aggregate_default_initializers
    Feature record: CXX_FEATURE:1cxx_alias_templates
    Feature record: CXX_FEATURE:1cxx_alignas
    Feature record: CXX_FEATURE:1cxx_alignof
    Feature record: CXX_FEATURE:1cxx_attributes
    Feature record: CXX_FEATURE:1cxx_attribute_deprecated
    Feature record: CXX_FEATURE:1cxx_auto_type
    Feature record: CXX_FEATURE:1cxx_binary_literals
    Feature record: CXX_FEATURE:1cxx_constexpr
    Feature record: CXX_FEATURE:1cxx_contextual_conversions
    Feature record: CXX_FEATURE:1cxx_decltype
    Feature record: CXX_FEATURE:1cxx_decltype_auto
    Feature record: CXX_FEATURE:1cxx_decltype_incomplete_return_types
    Feature record: CXX_FEATURE:1cxx_default_function_template_args
    Feature record: CXX_FEATURE:1cxx_defaulted_functions
    Feature record: CXX_FEATURE:1cxx_defaulted_move_initializers
    Feature record: CXX_FEATURE:1cxx_delegating_constructors
    Feature record: CXX_FEATURE:1cxx_deleted_functions
    Feature record: CXX_FEATURE:1cxx_digit_separators
    Feature record: CXX_FEATURE:1cxx_enum_forward_declarations
    Feature record: CXX_FEATURE:1cxx_explicit_conversions
    Feature record: CXX_FEATURE:1cxx_extended_friend_declarations
    Feature record: CXX_FEATURE:1cxx_extern_templates
    Feature record: CXX_FEATURE:1cxx_final
    Feature record: CXX_FEATURE:1cxx_func_identifier
    Feature record: CXX_FEATURE:1cxx_generalized_initializers
    Feature record: CXX_FEATURE:1cxx_generic_lambdas
    Feature record: CXX_FEATURE:1cxx_inheriting_constructors
    Feature record: CXX_FEATURE:1cxx_inline_namespaces
    Feature record: CXX_FEATURE:1cxx_lambdas
    Feature record: CXX_FEATURE:1cxx_lambda_init_captures
    Feature record: CXX_FEATURE:1cxx_local_type_template_args
    Feature record: CXX_FEATURE:1cxx_long_long_type
    Feature record: CXX_FEATURE:1cxx_noexcept
    Feature record: CXX_FEATURE:1cxx_nonstatic_member_init
    Feature record: CXX_FEATURE:1cxx_nullptr
    Feature record: CXX_FEATURE:1cxx_override
    Feature record: CXX_FEATURE:1cxx_range_for
    Feature record: CXX_FEATURE:1cxx_raw_string_literals
    Feature record: CXX_FEATURE:1cxx_reference_qualified_functions
    Feature record: CXX_FEATURE:1cxx_relaxed_constexpr
    Feature record: CXX_FEATURE:1cxx_return_type_deduction
    Feature record: CXX_FEATURE:1cxx_right_angle_brackets
    Feature record: CXX_FEATURE:1cxx_rvalue_references
    Feature record: CXX_FEATURE:1cxx_sizeof_member
    Feature record: CXX_FEATURE:1cxx_static_assert
    Feature record: CXX_FEATURE:1cxx_strong_enums
    Feature record: CXX_FEATURE:1cxx_template_template_parameters
    Feature record: CXX_FEATURE:1cxx_thread_local
    Feature record: CXX_FEATURE:1cxx_trailing_return_types
    Feature record: CXX_FEATURE:1cxx_unicode_literals
    Feature record: CXX_FEATURE:1cxx_uniform_initialization
    Feature record: CXX_FEATURE:1cxx_unrestricted_unions
    Feature record: CXX_FEATURE:1cxx_user_literals
    Feature record: CXX_FEATURE:1cxx_variable_templates
    Feature record: CXX_FEATURE:1cxx_variadic_macros
    Feature record: CXX_FEATURE:1cxx_variadic_templates


Detecting CXX [-std=c++11] compiler features compiled with the following output:
Change Dir: /home/screemer/ps1c/cbleemsync/build_arm/CMakeFiles/CMakeTmp

Run Build Command:"/usr/bin/make" "cmTC_82112/fast"
/usr/bin/make -f CMakeFiles/cmTC_82112.dir/build.make CMakeFiles/cmTC_82112.dir/build
make[1]: Entering directory '/home/screemer/ps1c/cbleemsync/build_arm/CMakeFiles/CMakeTmp'
Building CXX object CMakeFiles/cmTC_82112.dir/feature_tests.cxx.o
/usr/bin/arm-linux-gnueabihf-g++    -std=c++11 -o CMakeFiles/cmTC_82112.dir/feature_tests.cxx.o -c /home/screemer/ps1c/cbleemsync/build_arm/CMakeFiles/feature_tests.cxx
Linking CXX executable cmTC_82112
/usr/bin/cmake -E cmake_link_script CMakeFiles/cmTC_82112.dir/link.txt --verbose=1
/usr/bin/arm-linux-gnueabihf-g++       CMakeFiles/cmTC_82112.dir/feature_tests.cxx.o  -o cmTC_82112 
make[1]: Leaving directory '/home/screemer/ps1c/cbleemsync/build_arm/CMakeFiles/CMakeTmp'


    Feature record: CXX_FEATURE:0cxx_aggregate_default_initializers
    Feature record: CXX_FEATURE:1cxx_alias_templates
    Feature record: CXX_FEATURE:1cxx_alignas
    Feature record: CXX_FEATURE:1cxx_alignof
    Feature record: CXX_FEATURE:1cxx_attributes
    Feature record: CXX_FEATURE:0cxx_attribute_deprecated
    Feature record: CXX_FEATURE:1cxx_auto_type
    Feature record: CXX_FEATURE:0cxx_binary_literals
    Feature record: CXX_FEATURE:1cxx_constexpr
    Feature record: CXX_FEATURE:0cxx_contextual_conversions
    Feature record: CXX_FEATURE:1cxx_decltype
    Feature record: CXX_FEATURE:0cxx_decltype_auto
    Feature record: CXX_FEATURE:1cxx_decltype_incomplete_return_types
    Feature record: CXX_FEATURE:1cxx_default_function_template_args
    Feature record: CXX_FEATURE:1cxx_defaulted_functions
    Feature record: CXX_FEATURE:1cxx_defaulted_move_initializers
    Feature record: CXX_FEATURE:1cxx_delegating_constructors
    Feature record: CXX_FEATURE:1cxx_deleted_functions
    Feature record: CXX_FEATURE:0cxx_digit_separators
    Feature record: CXX_FEATURE:1cxx_enum_forward_declarations
    Feature record: CXX_FEATURE:1cxx_explicit_conversions
    Feature record: CXX_FEATURE:1cxx_extended_friend_declarations
    Feature record: CXX_FEATURE:1cxx_extern_templates
    Feature record: CXX_FEATURE:1cxx_final
    Feature record: CXX_FEATURE:1cxx_func_identifier
    Feature record: CXX_FEATURE:1cxx_generalized_initializers
    Feature record: CXX_FEATURE:0cxx_generic_lambdas
    Feature record: CXX_FEATURE:1cxx_inheriting_constructors
    Feature record: CXX_FEATURE:1cxx_inline_namespaces
    Feature record: CXX_FEATURE:1cxx_lambdas
    Feature record: CXX_FEATURE:0cxx_lambda_init_captures
    Feature record: CXX_FEATURE:1cxx_local_type_template_args
    Feature record: CXX_FEATURE:1cxx_long_long_type
    Feature record: CXX_FEATURE:1cxx_noexcept
    Feature record: CXX_FEATURE:1cxx_nonstatic_member_init
    Feature record: CXX_FEATURE:1cxx_nullptr
    Feature record: CXX_FEATURE:1cxx_override
    Feature record: CXX_FEATURE:1cxx_range_for
    Feature record: CXX_FEATURE:1cxx_raw_string_literals
    Feature record: CXX_FEATURE:1cxx_reference_qualified_functions
    Feature record: CXX_FEATURE:0cxx_relaxed_constexpr
    Feature record: CXX_FEATURE:0cxx_return_type_deduction
    Feature record: CXX_FEATURE:1cxx_right_angle_brackets
    Feature record: CXX_FEATURE:1cxx_rvalue_references
    Feature record: CXX_FEATURE:1cxx_sizeof_member
    Feature record: CXX_FEATURE:1cxx_static_assert
    Feature record: CXX_FEATURE:1cxx_strong_enums
    Feature record: CXX_FEATURE:1cxx_template_template_parameters
    Feature record: CXX_FEATURE:1cxx_thread_local
    Feature record: CXX_FEATURE:1cxx_trailing_return_types
    Feature record: CXX_FEATURE:1cxx_unicode_literals
    Feature record: CXX_FEATURE:1cxx_uniform_initialization
    Feature record: CXX_FEATURE:1cxx_unrestricted_unions
    Feature record: CXX_FEATURE:1cxx_user_literals
    Feature record: CXX_FEATURE:0cxx_variable_templates
    Feature record: CXX_FEATURE:1cxx_variadic_macros
    Feature record: CXX_FEATURE:1cxx_variadic_templates


Detecting CXX [-std=c++98] compiler features compiled with the following output:
Change Dir: /home/screemer/ps1c/cbleemsync/build_arm/CMakeFiles/CMakeTmp

Run Build Command:"/usr/bin/make" "cmTC_c823c/fast"
/usr/bin/make -f CMakeFiles/cmTC_c823c.dir/build.make CMakeFiles/cmTC_c823c.dir/build
make[1]: Entering directory '/home/screemer/ps1c/cbleemsync/build_arm/CMakeFiles/CMakeTmp'
Building CXX object CMakeFiles/cmTC_c823c.dir/feature_tests.cxx.o
/usr/bin/arm-linux-gnueabihf-g++    -std=c++98 -o CMakeFiles/cmTC_c823c.dir/feature_tests.cxx.o -c /home/screemer/ps1c/cbleemsync/build_arm/CMakeFiles/feature_tests.cxx
Linking CXX executable cmTC_c823c
/usr/bin/cmake -E cmake_link_script CMakeFiles/cmTC_c823c.dir/link.txt --verbose=1
/usr/bin/arm-linux-gnueabihf-g++       CMakeFiles/cmTC_c823c.dir/feature_tests.cxx.o  -o cmTC_c823c 
make[1]: Leaving directory '/home/screemer/ps1c/cbleemsync/build_arm/CMakeFiles/CMakeTmp'


    Feature record: CXX_FEATURE:0cxx_aggregate_default_initializers
    Feature record: CXX_FEATURE:0cxx_alias_templates
    Feature record: CXX_FEATURE:0cxx_alignas
    Feature record: CXX_FEATURE:0cxx_alignof
    Feature record: CXX_FEATURE:0cxx_attributes
    Feature record: CXX_FEATURE:0cxx_attribute_deprecated
    Feature record: CXX_FEATURE:0cxx_auto_type
    Feature record: CXX_FEATURE:0cxx_binary_literals
    Feature record: CXX_FEATURE:0cxx_constexpr
    Feature record: CXX_FEATURE:0cxx_contextual_conversions
    Feature record: CXX_FEATURE:0cxx_decltype
    Feature record: CXX_FEATURE:0cxx_decltype_auto
    Feature record: CXX_FEATURE:0cxx_decltype_incomplete_return_types
    Feature record: CXX_FEATURE:0cxx_default_function_template_args
    Feature record: CXX_FEATURE:0cxx_defaulted_functions
    Feature record: CXX_FEATURE:0cxx_defaulted_move_initializers
    Feature record: CXX_FEATURE:0cxx_delegating_constructors
    Feature record: CXX_FEATURE:0cxx_deleted_functions
    Feature record: CXX_FEATURE:0cxx_digit_separators
    Feature record: CXX_FEATURE:0cxx_enum_forward_declarations
    Feature record: CXX_FEATURE:0cxx_explicit_conversions
    Feature record: CXX_FEATURE:0cxx_extended_friend_declarations
    Feature record: CXX_FEATURE:0cxx_extern_templates
    Feature record: CXX_FEATURE:0cxx_final
    Feature record: CXX_FEATURE:0cxx_func_identifier
    Feature record: CXX_FEATURE:0cxx_generalized_initializers
    Feature record: CXX_FEATURE:0cxx_generic_lambdas
    Feature record: CXX_FEATURE:0cxx_inheriting_constructors
    Feature record: CXX_FEATURE:0cxx_inline_namespaces
    Feature record: CXX_FEATURE:0cxx_lambdas
    Feature record: CXX_FEATURE:0cxx_lambda_init_captures
    Feature record: CXX_FEATURE:0cxx_local_type_template_args
    Feature record: CXX_FEATURE:0cxx_long_long_type
    Feature record: CXX_FEATURE:0cxx_noexcept
    Feature record: CXX_FEATURE:0cxx_nonstatic_member_init
    Feature record: CXX_FEATURE:0cxx_nullptr
    Feature record: CXX_FEATURE:0cxx_override
    Feature record: CXX_FEATURE:0cxx_range_for
    Feature record: CXX_FEATURE:0cxx_raw_string_literals
    Feature record: CXX_FEATURE:0cxx_reference_qualified_functions
    Feature record: CXX_FEATURE:0cxx_relaxed_constexpr
    Feature record: CXX_FEATURE:0cxx_return_type_deduction
    Feature record: CXX_FEATURE:0cxx_right_angle_brackets
    Feature record: CXX_FEATURE:0cxx_rvalue_references
    Feature record: CXX_FEATURE:0cxx_sizeof_member
    Feature record: CXX_FEATURE:0cxx_static_assert
    Feature record: CXX_FEATURE:0cxx_strong_enums
    Feature record: CXX_FEATURE:1cxx_template_template_parameters
    Feature record: CXX_FEATURE:0cxx_thread_local
    Feature record: CXX_FEATURE:0cxx_trailing_return_types
    Feature record: CXX_FEATURE:0cxx_unicode_literals
    Feature record: CXX_FEATURE:0cxx_uniform_initialization
    Feature record: CXX_FEATURE:0cxx_unrestricted_unions
    Feature record: CXX_FEATURE:0cxx_user_literals
    Feature record: CXX_FEATURE:0cxx_variable_templates
    Feature record: CXX_FEATURE:0cxx_variadic_macros
    Feature record: CXX_FEATURE:0cxx_variadic_templates
Determining if the include file pthread.h exists passed with the following output:
Change Dir: /home/screemer/ps1c/cbleemsync/build_arm/CMakeFiles/CMakeTmp

Run Build Command:"/usr/bin/make" "cmTC_8901a/fast"
/usr/bin/make -f CMakeFiles/cmTC_8901a.dir/build.make CMakeFiles/cmTC_8901a.dir/build
make[1]: Entering directory '/home/screemer/ps1c/cbleemsync/build_arm/CMakeFiles/CMakeTmp'
Building C object CMakeFiles/cmTC_8901a.dir/CheckIncludeFile.c.o
/usr/bin/arm-linux-gnueabihf-gcc    -o CMakeFiles/cmTC_8901a.dir/CheckIncludeFile.c.o   -c /home/screemer/ps1c/cbleemsync/build_arm/CMakeFiles/CMakeTmp/CheckIncludeFile.c
Linking C executable cmTC_8901a
/usr/bin/cmake -E cmake_link_script CMakeFiles/cmTC_8901a.dir/link.txt --verbose=1
/usr/bin/arm-linux-gnueabihf-gcc      CMakeFiles/cmTC_8901a.dir/CheckIncludeFile.c.o  -o cmTC_8901a 
make[1]: Leaving directory '/home/screemer/ps1c/cbleemsync/build_arm/CMakeFiles/CMakeTmp'


Determining if the function pthread_create exists in the pthread passed with the following output:
Change Dir: /home/screemer/ps1c/cbleemsync/build_arm/CMakeFiles/CMakeTmp

Run Build Command:"/usr/bin/make" "cmTC_64482/fast"
/usr/bin/make -f CMakeFiles/cmTC_64482.dir/build.make CMakeFiles/cmTC_64482.dir/build
make[1]: Entering directory '/home/screemer/ps1c/cbleemsync/build_arm/CMakeFiles/CMakeTmp'
Building C object CMakeFiles/cmTC_64482.dir/CheckFunctionExists.c.o
/usr/bin/arm-linux-gnueabihf-gcc   -DCHECK_FUNCTION_EXISTS=pthread_create   -o CMakeFiles/cmTC_64482.dir/CheckFunctionExists.c.o   -c /usr/share/cmake-3.10/Modules/CheckFunctionExists.c
Linking C executable cmTC_64482
/usr/bin/cmake -E cmake_link_script CMakeFiles/cmTC_64482.dir/link.txt --verbose=1
/usr/bin/arm-linux-gnueabihf-gcc  -DCHECK_FUNCTION_EXISTS=pthread_create    CMakeFiles/cmTC_64482.dir/CheckFunctionExists.c.o  -o cmTC_64482 -lpthread 
make[1]: Leaving directory '/home/screemer/ps1c/cbleemsync/build_arm/CMakeFiles/CMakeTmp'


