Determining if the pthread_create exist failed with the following output:
Change Dir: /home/screemer/ps1c/cbleemsync/build_arm/CMakeFiles/CMakeTmp

Run Build Command:"/usr/bin/make" "cmTC_43063/fast"
/usr/bin/make -f CMakeFiles/cmTC_43063.dir/build.make CMakeFiles/cmTC_43063.dir/build
make[1]: Entering directory '/home/screemer/ps1c/cbleemsync/build_arm/CMakeFiles/CMakeTmp'
Building C object CMakeFiles/cmTC_43063.dir/CheckSymbolExists.c.o
/usr/bin/arm-linux-gnueabihf-gcc    -o CMakeFiles/cmTC_43063.dir/CheckSymbolExists.c.o   -c /home/screemer/ps1c/cbleemsync/build_arm/CMakeFiles/CMakeTmp/CheckSymbolExists.c
Linking C executable cmTC_43063
/usr/bin/cmake -E cmake_link_script CMakeFiles/cmTC_43063.dir/link.txt --verbose=1
/usr/bin/arm-linux-gnueabihf-gcc      CMakeFiles/cmTC_43063.dir/CheckSymbolExists.c.o  -o cmTC_43063 
CMakeFiles/cmTC_43063.dir/CheckSymbolExists.c.o: In function `main':
CheckSymbolExists.c:(.text+0x2c): undefined reference to `pthread_create'
collect2: error: ld returned 1 exit status
CMakeFiles/cmTC_43063.dir/build.make:97: recipe for target 'cmTC_43063' failed
make[1]: *** [cmTC_43063] Error 1
make[1]: Leaving directory '/home/screemer/ps1c/cbleemsync/build_arm/CMakeFiles/CMakeTmp'
Makefile:126: recipe for target 'cmTC_43063/fast' failed
make: *** [cmTC_43063/fast] Error 2

File /home/screemer/ps1c/cbleemsync/build_arm/CMakeFiles/CMakeTmp/CheckSymbolExists.c:
/* */
#include <pthread.h>

int main(int argc, char** argv)
{
  (void)argv;
#ifndef pthread_create
  return ((int*)(&pthread_create))[argc];
#else
  (void)argc;
  return 0;
#endif
}

Determining if the function pthread_create exists in the pthreads failed with the following output:
Change Dir: /home/screemer/ps1c/cbleemsync/build_arm/CMakeFiles/CMakeTmp

Run Build Command:"/usr/bin/make" "cmTC_68eaf/fast"
/usr/bin/make -f CMakeFiles/cmTC_68eaf.dir/build.make CMakeFiles/cmTC_68eaf.dir/build
make[1]: Entering directory '/home/screemer/ps1c/cbleemsync/build_arm/CMakeFiles/CMakeTmp'
Building C object CMakeFiles/cmTC_68eaf.dir/CheckFunctionExists.c.o
/usr/bin/arm-linux-gnueabihf-gcc   -DCHECK_FUNCTION_EXISTS=pthread_create   -o CMakeFiles/cmTC_68eaf.dir/CheckFunctionExists.c.o   -c /usr/share/cmake-3.10/Modules/CheckFunctionExists.c
Linking C executable cmTC_68eaf
/usr/bin/cmake -E cmake_link_script CMakeFiles/cmTC_68eaf.dir/link.txt --verbose=1
/usr/bin/arm-linux-gnueabihf-gcc  -DCHECK_FUNCTION_EXISTS=pthread_create    CMakeFiles/cmTC_68eaf.dir/CheckFunctionExists.c.o  -o cmTC_68eaf -lpthreads 
/usr/lib/gcc-cross/arm-linux-gnueabihf/7/../../../../arm-linux-gnueabihf/bin/ld: cannot find -lpthreads
collect2: error: ld returned 1 exit status
CMakeFiles/cmTC_68eaf.dir/build.make:97: recipe for target 'cmTC_68eaf' failed
make[1]: *** [cmTC_68eaf] Error 1
make[1]: Leaving directory '/home/screemer/ps1c/cbleemsync/build_arm/CMakeFiles/CMakeTmp'
Makefile:126: recipe for target 'cmTC_68eaf/fast' failed
make: *** [cmTC_68eaf/fast] Error 2


