Determining if the pthread_create exist failed with the following output:
Change Dir: /home/screemer/ps1c/cbleemsync/build/CMakeFiles/CMakeTmp

Run Build Command:"/usr/bin/make" "cmTC_db074/fast"
/usr/bin/make -f CMakeFiles/cmTC_db074.dir/build.make CMakeFiles/cmTC_db074.dir/build
make[1]: Entering directory '/home/screemer/ps1c/cbleemsync/build/CMakeFiles/CMakeTmp'
Building C object CMakeFiles/cmTC_db074.dir/CheckSymbolExists.c.o
/usr/bin/cc    -o CMakeFiles/cmTC_db074.dir/CheckSymbolExists.c.o   -c /home/screemer/ps1c/cbleemsync/build/CMakeFiles/CMakeTmp/CheckSymbolExists.c
Linking C executable cmTC_db074
/usr/bin/cmake -E cmake_link_script CMakeFiles/cmTC_db074.dir/link.txt --verbose=1
/usr/bin/cc      CMakeFiles/cmTC_db074.dir/CheckSymbolExists.c.o  -o cmTC_db074 
CMakeFiles/cmTC_db074.dir/CheckSymbolExists.c.o: In function `main':
CheckSymbolExists.c:(.text+0x1b): undefined reference to `pthread_create'
collect2: error: ld returned 1 exit status
CMakeFiles/cmTC_db074.dir/build.make:97: recipe for target 'cmTC_db074' failed
make[1]: *** [cmTC_db074] Error 1
make[1]: Leaving directory '/home/screemer/ps1c/cbleemsync/build/CMakeFiles/CMakeTmp'
Makefile:126: recipe for target 'cmTC_db074/fast' failed
make: *** [cmTC_db074/fast] Error 2

File /home/screemer/ps1c/cbleemsync/build/CMakeFiles/CMakeTmp/CheckSymbolExists.c:
/* */
#include <pthread.h>

int main(int argc, char** argv)
{
  (void)argv;
#ifndef pthread_create
  return ((int*)(&pthread_create))[argc];
#else
  (void)argc;
  return 0;
#endif
}

Determining if the function pthread_create exists in the pthreads failed with the following output:
Change Dir: /home/screemer/ps1c/cbleemsync/build/CMakeFiles/CMakeTmp

Run Build Command:"/usr/bin/make" "cmTC_8f360/fast"
/usr/bin/make -f CMakeFiles/cmTC_8f360.dir/build.make CMakeFiles/cmTC_8f360.dir/build
make[1]: Entering directory '/home/screemer/ps1c/cbleemsync/build/CMakeFiles/CMakeTmp'
Building C object CMakeFiles/cmTC_8f360.dir/CheckFunctionExists.c.o
/usr/bin/cc   -DCHECK_FUNCTION_EXISTS=pthread_create   -o CMakeFiles/cmTC_8f360.dir/CheckFunctionExists.c.o   -c /usr/share/cmake-3.10/Modules/CheckFunctionExists.c
Linking C executable cmTC_8f360
/usr/bin/cmake -E cmake_link_script CMakeFiles/cmTC_8f360.dir/link.txt --verbose=1
/usr/bin/cc  -DCHECK_FUNCTION_EXISTS=pthread_create    CMakeFiles/cmTC_8f360.dir/CheckFunctionExists.c.o  -o cmTC_8f360 -lpthreads 
/usr/bin/ld: cannot find -lpthreads
collect2: error: ld returned 1 exit status
CMakeFiles/cmTC_8f360.dir/build.make:97: recipe for target 'cmTC_8f360' failed
make[1]: *** [cmTC_8f360] Error 1
make[1]: Leaving directory '/home/screemer/ps1c/cbleemsync/build/CMakeFiles/CMakeTmp'
Makefile:126: recipe for target 'cmTC_8f360/fast' failed
make: *** [cmTC_8f360/fast] Error 2


